<html>
<body>
<pre>
<h1>µVision Build Log</h1>
<h2>Tool Versions:</h2>
IDE-Version: µVision V5.17.0.0
Copyright (C) 2015 ARM Ltd and ARM Germany GmbH. All rights reserved.
License Information: Aso Microsoft, CI NSU, LIC=----
 
Tool Versions:
Toolchain:       MDK-Lite  Version: 5.17
Toolchain Path:  C:\Keil_v5\ARM\ARMCC\Bin
C Compiler:      Armcc.exe V5.06 update 1 (build 61)
Assembler:       Armasm.exe V5.06 update 1 (build 61)
Linker/Locator:  ArmLink.exe V5.06 update 1 (build 61)
Library Manager: ArmAr.exe V5.06 update 1 (build 61)
Hex Converter:   FromElf.exe V5.06 update 1 (build 61)
CPU DLL:         SARMCM3.DLL V5.17
Dialog DLL:      DCM.DLL V1.13.4.0
Target DLL:      STLink\ST-LINKIII-KEIL_SWO.dll V2.0.18.0
Dialog DLL:      TCM.DLL V1.14.6.0
 
<h2>Project:</h2>
C:\Users\Aso\Desktop\Quadcopter\projects\SpaceTraveller\spacetraveller\MDK-ARM\spacetraveller.uvprojx
Project File Date:  03/18/2016

<h2>Output:</h2>
*** Using Compiler 'V5.06 update 1 (build 61)', folder: 'C:\Keil_v5\ARM\ARMCC\Bin'
Rebuild target 'spacetraveller'
assembling startup_stm32f303xc.s...
compiling system_stm32f3xx.c...
compiling stm32f3xx_hal_rtc_ex.c...
compiling usbd_ctlreq.c...
compiling stm32f3xx_hal_flash_ex.c...
compiling usbd_ioreq.c...
compiling usbd_core.c...
compiling usbd_cdc.c...
compiling stm32f3xx_hal_rtc.c...
compiling stm32f3xx_hal_pwr_ex.c...
compiling stm32f3xx_hal_cortex.c...
compiling stm32f3xx_hal_pcd.c...
compiling stm32f3xx_hal_spi.c...
compiling stm32f3xx_hal_i2c.c...
compiling stm32f3xx_hal_tim.c...
compiling stm32f3xx_hal_pcd_ex.c...
compiling stm32f3xx_hal_pwr.c...
compiling stm32f3xx_hal_tim_ex.c...
compiling stm32f3xx_hal_rcc_ex.c...
compiling stm32f3xx_hal_gpio.c...
compiling stm32f3xx_hal_i2c_ex.c...
compiling heap_4.c...
compiling croutine.c...
compiling list.c...
compiling stm32f3xx_hal.c...
compiling stm32f3xx_hal_rcc.c...
compiling timers.c...
compiling queue.c...
compiling stm32f3xx_hal_flash.c...
compiling stm32f3xx_hal_spi_ex.c...
compiling cmsis_os.c...
compiling event_groups.c...
compiling port.c...
compiling tasks.c...
compiling stm32f3xx_hal_dma.c...
compiling spi.c...
compiling usbd_cdc_if.c...
compiling usb_device.c...
compiling stm32f3xx_hal_msp.c...
compiling usbd_desc.c...
compiling i2c.c...
compiling freertos.c...
compiling main.c...
../Src/main.c(205): warning:  #223-D: function "sqrt" declared implicitly
        fNormAcc = sqrt((double)(AccBuffer[0]*AccBuffer[0])+(AccBuffer[1]*AccBuffer[1])+(AccBuffer[2]*AccBuffer[2]));
../Src/main.c(208): warning:  #1035-D: single-precision operand implicitly converted to double-precision
        fCosRoll = sqrt(1.0-(fSinRoll * fSinRoll));
../Src/main.c(210): warning:  #1035-D: single-precision operand implicitly converted to double-precision
        fCosPitch = sqrt(1.0-(fSinPitch * fSinPitch));
../Src/main.c(215): warning:  #223-D: function "acos" declared implicitly
           RollAng = acos(fCosRoll)*180/PI;
../Src/main.c(219): warning:  #223-D: function "acos" declared implicitly
           RollAng = acos(fCosRoll)*180/PI + 180;
../Src/main.c(226): warning:  #223-D: function "acos" declared implicitly
           RollAng = acos(fCosRoll)*180/PI + 360;
../Src/main.c(230): warning:  #223-D: function "acos" declared implicitly
           RollAng = acos(fCosRoll)*180/PI + 180;
../Src/main.c(238): warning:  #223-D: function "acos" declared implicitly
              PitchAng = acos(fCosPitch)*180/PI;
../Src/main.c(242): warning:  #223-D: function "acos" declared implicitly
            PitchAng = acos(fCosPitch)*180/PI + 180;
../Src/main.c(249): warning:  #223-D: function "acos" declared implicitly
              PitchAng = acos(fCosPitch)*180/PI + 360;
../Src/main.c(253): warning:  #223-D: function "acos" declared implicitly
            PitchAng = acos(fCosPitch)*180/PI + 180;
../Src/main.c(270): warning:  #223-D: function "atan2f" declared implicitly
        HeadingValue = (float) ((atan2f((float)fTiltedY,(float)fTiltedX))*180)/PI;
../Src/main.c(190): warning:  #177-D: variable "count" was declared but never referenced
    uint32_t count = 0;
../Src/main.c(395): warning:  #177-D: variable "h_xval" was declared but never referenced
  	uint8_t h_xval = 0x00;
../Src/main.c(396): warning:  #177-D: variable "l_xval" was declared but never referenced
  	uint8_t l_xval = 0x00;
../Src/main.c(397): warning:  #177-D: variable "c_xval" was declared but never referenced
  	uint16_t c_xval = 0x00;
../Src/main.c: 16 warnings, 0 errors
compiling gpio.c...
compiling stm32f3xx_it.c...
compiling stm32f3xx_hal_timebase_TIM.c...
compiling stm32f3_discovery.c...
compiling mems.c...
..\Src\mems.c(83): warning:  #550-D: variable "zval" was set but never used
    int16_t xval, yval, zval = 0x00;
..\Src\mems.c(84): warning:  #177-D: variable "testDataToSend" was declared but never referenced
    char testDataToSend[32] = "";
..\Src\mems.c: 2 warnings, 0 errors
compiling lsm303dlhc.c...
..\Drivers\BSP\Components\lsm303dlhc\lsm303dlhc.c(562): error:  #20: identifier "LSM303DLHCMag_InitTypeDef" is undefined
  void LSM303DLHC_MagInit(LSM303DLHCMag_InitTypeDef *LSM303DLHC_InitStruct)
..\Drivers\BSP\Components\lsm303dlhc\lsm303dlhc.c(576): error:  #140: too many arguments in function call
    COMPASSACCELERO_IO_Write(
AG_I2C_ADDRESS, 
SM303DLHC_CRA_REG_M, 1, &cra_regm);
..\Drivers\BSP\Components\lsm303dlhc\lsm303dlhc.c(579): error:  #140: too many arguments in function call
    COMPASSACCELERO_IO_Write(
AG_I2C_ADDRESS, 
SM303DLHC_CRB_REG_M, 1, &crb_regm);
..\Drivers\BSP\Components\lsm303dlhc\lsm303dlhc.c(582): error:  #140: too many arguments in function call
    COMPASSACCELERO_IO_Write(
AG_I2C_ADDRESS, 
SM303DLHC_MR_REG_M, 1, &mr_regm);
..\Drivers\BSP\Components\lsm303dlhc\lsm303dlhc.c(595): error:  #140: too many arguments in function call
    COMPASSACCELERO_IO_Read(
AG_I2C_ADDRESS, 
SM303DLHC_SR_REG_M, 1, &tmpreg);
..\Drivers\BSP\Components\lsm303dlhc\lsm303dlhc.c: 0 warnings, 5 errors
compiling usbd_conf.c...
compiling l3gd20.c...
compiling stm32f3_discovery_accelerometer.c...
compiling stm32f3_discovery_gyroscope.c...
"spacetraveller\spacetraveller.axf" - 5 Error(s), 18 Warning(s).

<h2>Software Packages used:</h2>

Package Vendor: ARM
                http://www.keil.com/pack/ARM.CMSIS.4.5.0.pack
                ARM::CMSIS:CORE:4.3.0
                CMSIS (Cortex Microcontroller Software Interface Standard)
   * Component: CORE Version: 4.3.0

<h2>Collection of Component include folders:</h2>
  C:\Users\Aso\Desktop\Quadcopter\projects\SpaceTraveller\spacetraveller\MDK-ARM\RTE
  C:\Keil_v5\ARM\PACK\ARM\CMSIS\4.5.0\CMSIS\Include
  C:\Keil_v5\ARM\PACK\Keil\STM32F3xx_DFP\1.3.0\Device\Include

<h2>Collection of Component Files used:</h2>

   * Component: ARM::CMSIS:CORE:4.3.0
Target not created.
Build Time Elapsed:  00:00:10
</pre>
</body>
</html>
